<?xml version="1.0" encoding="UTF-8"?>
<testsuite name="com.info.TestRunner.MainTest" time="45.283" tests="2" errors="0" skipped="0" failures="2">
  <properties>
[...]
</properties>
  <testcase name="run" classname="com.info.TestRunner.MainTest" time="12.242">
    <failure type="java.lang.NullPointerException:">java.lang.NullPointerException: null
	at com.info.pages.LoginPage.Enter_UserName(LoginPage.java:43)
	at com.info.TestRunner.MainTest.run(MainTest.java:48)
</failure>
    <system-out><![CDATA[Configuring TestNG with: TestNG652Configurator
]]></system-out>
    <system-err><![CDATA[Jun 03, 2017 10:04:37 PM com.relevantcodes.extentreports.ExtentReports loadConfig
WARNING: Unable to perform report configuration. The file E:\StudyWorkpace\TestNG-ExtentReport-Maven\extent-config.xml was not found.
]]></system-err>
  </testcase>
  <testcase name="closeTest" classname="com.info.TestRunner.MainTest" time="33.041">
    <failure message="Process refused to die after 10 seconds, and couldn&apos;t taskkill it: Timeout waiting for process to die" type="java.lang.RuntimeException">java.lang.RuntimeException: Process refused to die after 10 seconds, and couldn't taskkill it: Timeout waiting for process to die
	at org.openqa.selenium.os.ProcessUtils.waitForProcessDeath(ProcessUtils.java:67)
	at org.openqa.selenium.os.ProcessUtils.killWinProcess(ProcessUtils.java:139)
	at org.openqa.selenium.os.ProcessUtils.killProcess(ProcessUtils.java:81)
	at org.openqa.selenium.os.UnixProcess$SeleniumWatchDog.destroyHarder(UnixProcess.java:247)
	at org.openqa.selenium.os.UnixProcess$SeleniumWatchDog.access$200(UnixProcess.java:201)
	at org.openqa.selenium.os.UnixProcess.destroy(UnixProcess.java:125)
	at org.openqa.selenium.os.CommandLine.destroy(CommandLine.java:155)
	at org.openqa.selenium.firefox.FirefoxBinary.quit(FirefoxBinary.java:246)
	at org.openqa.selenium.firefox.internal.NewProfileExtensionConnection.quit(NewProfileExtensionConnection.java:194)
	at org.openqa.selenium.firefox.FirefoxDriver$LazyCommandExecutor.quit(FirefoxDriver.java:364)
	at org.openqa.selenium.firefox.FirefoxDriver.stopClient(FirefoxDriver.java:310)
	at org.openqa.selenium.remote.RemoteWebDriver.quit(RemoteWebDriver.java:529)
	at com.info.TestRunner.MainTest.closeTest(MainTest.java:57)
Caused by: java.lang.InterruptedException: null
	at java.lang.ProcessImpl.waitFor(ProcessImpl.java:451)
	at org.openqa.selenium.os.ProcessUtils$ProcessWaiter.run(ProcessUtils.java:164)
	at java.lang.Thread.run(Thread.java:745)
</failure>
    <system-out><![CDATA[2017_06_03_220550
Time is2017_06_03_220550
Screenshot error isnull
 Report genration Excepion is:- null
]]></system-out>
    <system-err><![CDATA[Jun 03, 2017 10:06:11 PM org.openqa.selenium.os.ProcessUtils killWinProcess
WARNING: Process refused to die after 10 seconds, and couldn't taskkill it
org.openqa.selenium.os.ProcessUtils$ProcessStillAliveException: Timeout waiting for process to die
	at org.openqa.selenium.os.ProcessUtils.waitForProcessDeath(ProcessUtils.java:67)
	at org.openqa.selenium.os.ProcessUtils.killWinProcess(ProcessUtils.java:139)
	at org.openqa.selenium.os.ProcessUtils.killProcess(ProcessUtils.java:81)
	at org.openqa.selenium.os.UnixProcess$SeleniumWatchDog.destroyHarder(UnixProcess.java:247)
	at org.openqa.selenium.os.UnixProcess$SeleniumWatchDog.access$200(UnixProcess.java:201)
	at org.openqa.selenium.os.UnixProcess.destroy(UnixProcess.java:125)
	at org.openqa.selenium.os.CommandLine.destroy(CommandLine.java:155)
	at org.openqa.selenium.firefox.FirefoxBinary.quit(FirefoxBinary.java:246)
	at org.openqa.selenium.firefox.internal.NewProfileExtensionConnection.quit(NewProfileExtensionConnection.java:194)
	at org.openqa.selenium.firefox.FirefoxDriver$LazyCommandExecutor.quit(FirefoxDriver.java:364)
	at org.openqa.selenium.firefox.FirefoxDriver.stopClient(FirefoxDriver.java:310)
	at org.openqa.selenium.remote.RemoteWebDriver.quit(RemoteWebDriver.java:529)
	at com.info.TestRunner.MainTest.closeTest(MainTest.java:57)
	at sun.reflect.NativeMethodAccessorImpl.invoke0(Native Method)
	at sun.reflect.NativeMethodAccessorImpl.invoke(NativeMethodAccessorImpl.java:62)
	at sun.reflect.DelegatingMethodAccessorImpl.invoke(DelegatingMethodAccessorImpl.java:43)
	at java.lang.reflect.Method.invoke(Method.java:498)
	at org.testng.internal.MethodInvocationHelper.invokeMethod(MethodInvocationHelper.java:80)
	at org.testng.internal.Invoker.invokeConfigurationMethod(Invoker.java:564)
	at org.testng.internal.Invoker.invokeConfigurations(Invoker.java:213)
	at org.testng.internal.Invoker.invokeConfigurations(Invoker.java:138)
	at org.testng.TestRunner.afterRun(TestRunner.java:1021)
	at org.testng.TestRunner.run(TestRunner.java:621)
	at org.testng.SuiteRunner.runTest(SuiteRunner.java:334)
	at org.testng.SuiteRunner.runSequentially(SuiteRunner.java:329)
	at org.testng.SuiteRunner.privateRun(SuiteRunner.java:291)
	at org.testng.SuiteRunner.run(SuiteRunner.java:240)
	at org.testng.SuiteRunnerWorker.runSuite(SuiteRunnerWorker.java:52)
	at org.testng.SuiteRunnerWorker.run(SuiteRunnerWorker.java:86)
	at org.testng.TestNG.runSuitesSequentially(TestNG.java:1198)
	at org.testng.TestNG.runSuitesLocally(TestNG.java:1123)
	at org.testng.TestNG.run(TestNG.java:1031)
	at org.apache.maven.surefire.testng.TestNGExecutor.run(TestNGExecutor.java:115)
	at org.apache.maven.surefire.testng.TestNGDirectoryTestSuite.executeSingleClass(TestNGDirectoryTestSuite.java:128)
	at org.apache.maven.surefire.testng.TestNGDirectoryTestSuite.execute(TestNGDirectoryTestSuite.java:112)
	at org.apache.maven.surefire.testng.TestNGProvider.invoke(TestNGProvider.java:112)
	at org.apache.maven.surefire.booter.ForkedBooter.invokeProviderInSameClassLoader(ForkedBooter.java:200)
	at org.apache.maven.surefire.booter.ForkedBooter.runSuitesInProcess(ForkedBooter.java:153)
	at org.apache.maven.surefire.booter.ForkedBooter.main(ForkedBooter.java:103)
Caused by: java.lang.InterruptedException
	at java.lang.ProcessImpl.waitFor(ProcessImpl.java:451)
	at org.openqa.selenium.os.ProcessUtils$ProcessWaiter.run(ProcessUtils.java:164)
	at java.lang.Thread.run(Thread.java:745)

]]></system-err>
  </testcase>
</testsuite>