<?xml version="1.0" encoding="UTF-8"?>
<testng-results skipped="0" failed="0" total="2" passed="2">
  <reporter-output>
  </reporter-output>
  <suite name="Default suite" duration-ms="182259" started-at="2017-06-18T11:48:34Z" finished-at="2017-06-18T11:51:36Z">
    <groups>
    </groups>
    <test name="Default test" duration-ms="182259" started-at="2017-06-18T11:48:34Z" finished-at="2017-06-18T11:51:36Z">
      <class name="com.info.TestRunner.MainTest">
        <test-method status="PASS" signature="Reportsetup()[pri:0, instance:com.info.TestRunner.MainTest@3884b2]" name="Reportsetup" is-config="true" duration-ms="1744" started-at="2017-06-18T17:18:11Z" finished-at="2017-06-18T17:18:13Z">
          <reporter-output>
          </reporter-output>
        </test-method> <!-- Reportsetup -->
        <test-method status="PASS" signature="setup()[pri:0, instance:com.info.TestRunner.MainTest@3884b2]" name="setup" is-config="true" duration-ms="21514" started-at="2017-06-18T17:18:13Z" depends-on-methods="com.info.TestBase.Utility.Reportsetup" finished-at="2017-06-18T17:18:34Z">
          <reporter-output>
          </reporter-output>
        </test-method> <!-- setup -->
        <test-method status="PASS" signature="launchApp()[pri:0, instance:com.info.TestRunner.MainTest@3884b2]" name="launchApp" is-config="true" duration-ms="96642" started-at="2017-06-18T17:18:34Z" finished-at="2017-06-18T17:20:11Z">
          <reporter-output>
          </reporter-output>
        </test-method> <!-- launchApp -->
        <test-method status="PASS" signature="to_Validate_HomeLoanDetails()[pri:0, instance:com.info.TestRunner.MainTest@3884b2]" name="to_Validate_HomeLoanDetails" duration-ms="41687" started-at="2017-06-18T17:20:11Z" finished-at="2017-06-18T17:20:53Z">
          <reporter-output>
          </reporter-output>
        </test-method> <!-- to_Validate_HomeLoanDetails -->
        <test-method status="PASS" signature="getReport(org.testng.ITestResult)[pri:0, instance:com.info.TestRunner.MainTest@3884b2]" name="getReport" is-config="true" duration-ms="22" started-at="2017-06-18T17:20:53Z" finished-at="2017-06-18T17:20:53Z">
          <params>
            <param index="0">
              <value>
                <![CDATA[[TestResult name=to_Validate_HomeLoanDetails status=SUCCESS method=MainTest.to_Validate_HomeLoanDetails()[pri:0, instance:com.info.TestRunner.MainTest@3884b2] output={null}]]]>
              </value>
            </param>
          </params>
          <reporter-output>
          </reporter-output>
        </test-method> <!-- getReport -->
        <test-method status="PASS" signature="to_Validate_Enquiry_Form()[pri:0, instance:com.info.TestRunner.MainTest@3884b2]" name="to_Validate_Enquiry_Form" duration-ms="41896" started-at="2017-06-18T17:20:53Z" finished-at="2017-06-18T17:21:35Z">
          <reporter-output>
          </reporter-output>
        </test-method> <!-- to_Validate_Enquiry_Form -->
        <test-method status="PASS" signature="getReport(org.testng.ITestResult)[pri:0, instance:com.info.TestRunner.MainTest@3884b2]" name="getReport" is-config="true" duration-ms="2" started-at="2017-06-18T17:21:35Z" finished-at="2017-06-18T17:21:35Z">
          <params>
            <param index="0">
              <value>
                <![CDATA[[TestResult name=to_Validate_Enquiry_Form status=SUCCESS method=MainTest.to_Validate_Enquiry_Form()[pri:0, instance:com.info.TestRunner.MainTest@3884b2] output={null}]]]>
              </value>
            </param>
          </params>
          <reporter-output>
          </reporter-output>
        </test-method> <!-- getReport -->
        <test-method status="PASS" signature="closeTest()[pri:0, instance:com.info.TestRunner.MainTest@3884b2]" name="closeTest" is-config="true" duration-ms="1" started-at="2017-06-18T17:21:35Z" finished-at="2017-06-18T17:21:35Z">
          <reporter-output>
          </reporter-output>
        </test-method> <!-- closeTest -->
        <test-method status="PASS" signature="endTest()[pri:0, instance:com.info.TestRunner.MainTest@3884b2]" name="endTest" is-config="true" duration-ms="1709" started-at="2017-06-18T17:21:35Z" depends-on-methods="com.info.TestRunner.MainTest.closeTest" finished-at="2017-06-18T17:21:36Z">
          <reporter-output>
          </reporter-output>
        </test-method> <!-- endTest -->
      </class> <!-- com.info.TestRunner.MainTest -->
    </test> <!-- Default test -->
  </suite> <!-- Default suite -->
</testng-results>
